<?xml version="1.0" encoding="UTF-8"?>
<!-- Generated by org.testng.reporters.JUnitXMLReporter -->
<testsuite hostname="DESKTOP-VRTLONR" ignored="0" name="Default test" tests="7" failures="0" timestamp="24 Oct 2018 04:09:27 GMT" time="1.739" errors="0">
  <testcase name="validation" time="0.364" classname="com.groupkt.functionaltest.ValidstateStatenameTest"/>
  <testcase name="validation" time="0.238" classname="com.groupkt.functionaltest.ValidstateStatenameTest"/>
  <testcase name="validation" time="0.223" classname="com.groupkt.functionaltest.ValidstateStatenameTest"/>
  <testcase name="validation" time="0.192" classname="com.groupkt.functionaltest.ValidstateStatenameTest"/>
  <testcase name="validation" time="0.209" classname="com.groupkt.functionaltest.ValidstateStatenameTest"/>
  <testcase name="validation" time="0.198" classname="com.groupkt.functionaltest.ValidstateStatenameTest"/>
  <testcase name="validation" time="0.213" classname="com.groupkt.functionaltest.ValidstateStatenameTest"/>
</testsuite> <!-- Default test -->
