<?xml version="1.0" encoding="UTF-8"?>
<!-- Generated by org.testng.reporters.JUnitXMLReporter -->
<testsuite hostname="DESKTOP-VRTLONR" ignored="0" name="Test" tests="22" failures="0" timestamp="24 Oct 2018 04:18:47 GMT" time="4.747" errors="0">
  <testcase name="validation" time="0.457" classname="com.groupkt.functionaltest.InValidstateAbbreviationTest"/>
  <testcase name="validation" time="0.201" classname="com.groupkt.functionaltest.InValidstateAbbreviationTest"/>
  <testcase name="validation" time="0.195" classname="com.groupkt.functionaltest.InValidstateAbbreviationTest"/>
  <testcase name="validation" time="0.203" classname="com.groupkt.functionaltest.InValidstateAbbreviationTest"/>
  <testcase name="validation" time="0.216" classname="com.groupkt.functionaltest.InValidstateAbbreviationTest"/>
  <testcase name="validation" time="0.183" classname="com.groupkt.functionaltest.ValidstateStatenameTest"/>
  <testcase name="validation" time="0.206" classname="com.groupkt.functionaltest.ValidstateStatenameTest"/>
  <testcase name="validation" time="0.265" classname="com.groupkt.functionaltest.ValidstateStatenameTest"/>
  <testcase name="validation" time="0.213" classname="com.groupkt.functionaltest.ValidstateStatenameTest"/>
  <testcase name="validation" time="0.187" classname="com.groupkt.functionaltest.ValidstateStatenameTest"/>
  <testcase name="validation" time="0.193" classname="com.groupkt.functionaltest.ValidstateStatenameTest"/>
  <testcase name="validation" time="0.2" classname="com.groupkt.functionaltest.ValidstateStatenameTest"/>
  <testcase name="validation" time="0.169" classname="com.groupkt.functionaltest.InValidstateStatenameTest"/>
  <testcase name="validation" time="0.192" classname="com.groupkt.functionaltest.InValidstateStatenameTest"/>
  <testcase name="validation" time="0.185" classname="com.groupkt.functionaltest.InValidstateStatenameTest"/>
  <testcase name="validation" time="0.19" classname="com.groupkt.functionaltest.InValidstateStatenameTest"/>
  <testcase name="validation" time="0.198" classname="com.groupkt.functionaltest.InValidstateStatenameTest"/>
  <testcase name="validation" time="0.192" classname="com.groupkt.functionaltest.ValidstateAbbreviationTest"/>
  <testcase name="validation" time="0.221" classname="com.groupkt.functionaltest.ValidstateAbbreviationTest"/>
  <testcase name="validation" time="0.184" classname="com.groupkt.functionaltest.ValidstateAbbreviationTest"/>
  <testcase name="validation" time="0.183" classname="com.groupkt.functionaltest.ValidstateAbbreviationTest"/>
  <testcase name="validation" time="0.191" classname="com.groupkt.functionaltest.ValidstateAbbreviationTest"/>
</testsuite> <!-- Test -->
