<?xml version="1.0" encoding="UTF-8"?>
<testng-results skipped="0" failed="0" ignored="0" total="22" passed="22">
  <reporter-output>
  </reporter-output>
  <suite name="Suite" duration-ms="4747" started-at="2018-10-24T04:18:42Z" finished-at="2018-10-24T04:18:47Z">
    <groups>
    </groups>
    <test name="Test" duration-ms="4747" started-at="2018-10-24T04:18:42Z" finished-at="2018-10-24T04:18:47Z">
      <class name="com.groupkt.functionaltest.InValidstateAbbreviationTest">
        <test-method status="PASS" signature="validation(java.lang.String)[pri:0, instance:com.groupkt.functionaltest.InValidstateAbbreviationTest@36d4b5c]" name="validation" duration-ms="457" started-at="2018-10-24T04:18:42Z" data-provider="data" finished-at="2018-10-24T04:18:43Z">
          <params>
            <param index="0">
              <value>
                <![CDATA[gtfrd]]>
              </value>
            </param>
          </params>
          <reporter-output>
          </reporter-output>
        </test-method> <!-- validation -->
        <test-method status="PASS" signature="validation(java.lang.String)[pri:0, instance:com.groupkt.functionaltest.InValidstateAbbreviationTest@36d4b5c]" name="validation" duration-ms="201" started-at="2018-10-24T04:18:43Z" data-provider="data" finished-at="2018-10-24T04:18:43Z">
          <params>
            <param index="0">
              <value>
                <![CDATA[canada]]>
              </value>
            </param>
          </params>
          <reporter-output>
          </reporter-output>
        </test-method> <!-- validation -->
        <test-method status="PASS" signature="validation(java.lang.String)[pri:0, instance:com.groupkt.functionaltest.InValidstateAbbreviationTest@36d4b5c]" name="validation" duration-ms="195" started-at="2018-10-24T04:18:43Z" data-provider="data" finished-at="2018-10-24T04:18:43Z">
          <params>
            <param index="0">
              <value>
                <![CDATA[ ]]>
              </value>
            </param>
          </params>
          <reporter-output>
          </reporter-output>
        </test-method> <!-- validation -->
        <test-method status="PASS" signature="validation(java.lang.String)[pri:0, instance:com.groupkt.functionaltest.InValidstateAbbreviationTest@36d4b5c]" name="validation" duration-ms="203" started-at="2018-10-24T04:18:43Z" data-provider="data" finished-at="2018-10-24T04:18:43Z">
          <params>
            <param index="0">
              <value>
                <![CDATA[765675675]]>
              </value>
            </param>
          </params>
          <reporter-output>
          </reporter-output>
        </test-method> <!-- validation -->
        <test-method status="PASS" signature="validation(java.lang.String)[pri:0, instance:com.groupkt.functionaltest.InValidstateAbbreviationTest@36d4b5c]" name="validation" duration-ms="216" started-at="2018-10-24T04:18:43Z" data-provider="data" finished-at="2018-10-24T04:18:43Z">
          <params>
            <param index="0">
              <value>
                <![CDATA[#*&^%$#]]>
              </value>
            </param>
          </params>
          <reporter-output>
          </reporter-output>
        </test-method> <!-- validation -->
      </class> <!-- com.groupkt.functionaltest.InValidstateAbbreviationTest -->
      <class name="com.groupkt.functionaltest.ValidstateAbbreviationTest">
        <test-method status="PASS" signature="validation(java.lang.String)[pri:0, instance:com.groupkt.functionaltest.ValidstateAbbreviationTest@51081592]" name="validation" duration-ms="192" started-at="2018-10-24T04:18:46Z" data-provider="data" finished-at="2018-10-24T04:18:46Z">
          <params>
            <param index="0">
              <value>
                <![CDATA[WV]]>
              </value>
            </param>
          </params>
          <reporter-output>
          </reporter-output>
        </test-method> <!-- validation -->
        <test-method status="PASS" signature="validation(java.lang.String)[pri:0, instance:com.groupkt.functionaltest.ValidstateAbbreviationTest@51081592]" name="validation" duration-ms="221" started-at="2018-10-24T04:18:46Z" data-provider="data" finished-at="2018-10-24T04:18:46Z">
          <params>
            <param index="0">
              <value>
                <![CDATA[WI]]>
              </value>
            </param>
          </params>
          <reporter-output>
          </reporter-output>
        </test-method> <!-- validation -->
        <test-method status="PASS" signature="validation(java.lang.String)[pri:0, instance:com.groupkt.functionaltest.ValidstateAbbreviationTest@51081592]" name="validation" duration-ms="184" started-at="2018-10-24T04:18:46Z" data-provider="data" finished-at="2018-10-24T04:18:46Z">
          <params>
            <param index="0">
              <value>
                <![CDATA[al]]>
              </value>
            </param>
          </params>
          <reporter-output>
          </reporter-output>
        </test-method> <!-- validation -->
        <test-method status="PASS" signature="validation(java.lang.String)[pri:0, instance:com.groupkt.functionaltest.ValidstateAbbreviationTest@51081592]" name="validation" duration-ms="183" started-at="2018-10-24T04:18:46Z" data-provider="data" finished-at="2018-10-24T04:18:47Z">
          <params>
            <param index="0">
              <value>
                <![CDATA[sd]]>
              </value>
            </param>
          </params>
          <reporter-output>
          </reporter-output>
        </test-method> <!-- validation -->
        <test-method status="PASS" signature="validation(java.lang.String)[pri:0, instance:com.groupkt.functionaltest.ValidstateAbbreviationTest@51081592]" name="validation" duration-ms="191" started-at="2018-10-24T04:18:47Z" data-provider="data" finished-at="2018-10-24T04:18:47Z">
          <params>
            <param index="0">
              <value>
                <![CDATA[or]]>
              </value>
            </param>
          </params>
          <reporter-output>
          </reporter-output>
        </test-method> <!-- validation -->
      </class> <!-- com.groupkt.functionaltest.ValidstateAbbreviationTest -->
      <class name="com.groupkt.functionaltest.InValidstateStatenameTest">
        <test-method status="PASS" signature="validation(java.lang.String)[pri:0, instance:com.groupkt.functionaltest.InValidstateStatenameTest@396a51ab]" name="validation" duration-ms="169" started-at="2018-10-24T04:18:45Z" data-provider="data" finished-at="2018-10-24T04:18:45Z">
          <params>
            <param index="0">
              <value>
                <![CDATA[gtfrd]]>
              </value>
            </param>
          </params>
          <reporter-output>
          </reporter-output>
        </test-method> <!-- validation -->
        <test-method status="PASS" signature="validation(java.lang.String)[pri:0, instance:com.groupkt.functionaltest.InValidstateStatenameTest@396a51ab]" name="validation" duration-ms="192" started-at="2018-10-24T04:18:45Z" data-provider="data" finished-at="2018-10-24T04:18:45Z">
          <params>
            <param index="0">
              <value>
                <![CDATA[canada]]>
              </value>
            </param>
          </params>
          <reporter-output>
          </reporter-output>
        </test-method> <!-- validation -->
        <test-method status="PASS" signature="validation(java.lang.String)[pri:0, instance:com.groupkt.functionaltest.InValidstateStatenameTest@396a51ab]" name="validation" duration-ms="185" started-at="2018-10-24T04:18:45Z" data-provider="data" finished-at="2018-10-24T04:18:45Z">
          <params>
            <param index="0">
              <value>
                <![CDATA[ ]]>
              </value>
            </param>
          </params>
          <reporter-output>
          </reporter-output>
        </test-method> <!-- validation -->
        <test-method status="PASS" signature="validation(java.lang.String)[pri:0, instance:com.groupkt.functionaltest.InValidstateStatenameTest@396a51ab]" name="validation" duration-ms="190" started-at="2018-10-24T04:18:45Z" data-provider="data" finished-at="2018-10-24T04:18:46Z">
          <params>
            <param index="0">
              <value>
                <![CDATA[765675675]]>
              </value>
            </param>
          </params>
          <reporter-output>
          </reporter-output>
        </test-method> <!-- validation -->
        <test-method status="PASS" signature="validation(java.lang.String)[pri:0, instance:com.groupkt.functionaltest.InValidstateStatenameTest@396a51ab]" name="validation" duration-ms="198" started-at="2018-10-24T04:18:46Z" data-provider="data" finished-at="2018-10-24T04:18:46Z">
          <params>
            <param index="0">
              <value>
                <![CDATA[#*&^%$#]]>
              </value>
            </param>
          </params>
          <reporter-output>
          </reporter-output>
        </test-method> <!-- validation -->
      </class> <!-- com.groupkt.functionaltest.InValidstateStatenameTest -->
      <class name="com.groupkt.functionaltest.ValidstateStatenameTest">
        <test-method status="PASS" signature="validation(java.lang.String)[pri:0, instance:com.groupkt.functionaltest.ValidstateStatenameTest@5034c75a]" name="validation" duration-ms="183" started-at="2018-10-24T04:18:43Z" data-provider="data" finished-at="2018-10-24T04:18:44Z">
          <params>
            <param index="0">
              <value>
                <![CDATA[Alaska]]>
              </value>
            </param>
          </params>
          <reporter-output>
          </reporter-output>
        </test-method> <!-- validation -->
        <test-method status="PASS" signature="validation(java.lang.String)[pri:0, instance:com.groupkt.functionaltest.ValidstateStatenameTest@5034c75a]" name="validation" duration-ms="206" started-at="2018-10-24T04:18:44Z" data-provider="data" finished-at="2018-10-24T04:18:44Z">
          <params>
            <param index="0">
              <value>
                <![CDATA[Alabama]]>
              </value>
            </param>
          </params>
          <reporter-output>
          </reporter-output>
        </test-method> <!-- validation -->
        <test-method status="PASS" signature="validation(java.lang.String)[pri:0, instance:com.groupkt.functionaltest.ValidstateStatenameTest@5034c75a]" name="validation" duration-ms="265" started-at="2018-10-24T04:18:44Z" data-provider="data" finished-at="2018-10-24T04:18:44Z">
          <params>
            <param index="0">
              <value>
                <![CDATA[Arizona]]>
              </value>
            </param>
          </params>
          <reporter-output>
          </reporter-output>
        </test-method> <!-- validation -->
        <test-method status="PASS" signature="validation(java.lang.String)[pri:0, instance:com.groupkt.functionaltest.ValidstateStatenameTest@5034c75a]" name="validation" duration-ms="213" started-at="2018-10-24T04:18:44Z" data-provider="data" finished-at="2018-10-24T04:18:44Z">
          <params>
            <param index="0">
              <value>
                <![CDATA[Arkansas]]>
              </value>
            </param>
          </params>
          <reporter-output>
          </reporter-output>
        </test-method> <!-- validation -->
        <test-method status="PASS" signature="validation(java.lang.String)[pri:0, instance:com.groupkt.functionaltest.ValidstateStatenameTest@5034c75a]" name="validation" duration-ms="187" started-at="2018-10-24T04:18:44Z" data-provider="data" finished-at="2018-10-24T04:18:44Z">
          <params>
            <param index="0">
              <value>
                <![CDATA[California]]>
              </value>
            </param>
          </params>
          <reporter-output>
          </reporter-output>
        </test-method> <!-- validation -->
        <test-method status="PASS" signature="validation(java.lang.String)[pri:0, instance:com.groupkt.functionaltest.ValidstateStatenameTest@5034c75a]" name="validation" duration-ms="193" started-at="2018-10-24T04:18:44Z" data-provider="data" finished-at="2018-10-24T04:18:45Z">
          <params>
            <param index="0">
              <value>
                <![CDATA[Colorado]]>
              </value>
            </param>
          </params>
          <reporter-output>
          </reporter-output>
        </test-method> <!-- validation -->
        <test-method status="PASS" signature="validation(java.lang.String)[pri:0, instance:com.groupkt.functionaltest.ValidstateStatenameTest@5034c75a]" name="validation" duration-ms="200" started-at="2018-10-24T04:18:45Z" data-provider="data" finished-at="2018-10-24T04:18:45Z">
          <params>
            <param index="0">
              <value>
                <![CDATA[Connecticut]]>
              </value>
            </param>
          </params>
          <reporter-output>
          </reporter-output>
        </test-method> <!-- validation -->
      </class> <!-- com.groupkt.functionaltest.ValidstateStatenameTest -->
    </test> <!-- Test -->
  </suite> <!-- Suite -->
</testng-results>
